Unknown command: 'run_gunicorn'
Type 'manage.py help' for usage.
Unknown command: 'run_gunicorn'
Type 'manage.py help' for usage.
Unknown command: 'run_gunicorn'
Type 'manage.py help' for usage.
Unknown command: 'run_gunicorn'
Type 'manage.py help' for usage.
Unknown command: 'run_gunicorn'
Type 'manage.py help' for usage.
Unknown command: 'run_gunicorn'
Type 'manage.py help' for usage.
Unknown command: 'run_gunicorn'
Type 'manage.py help' for usage.
2011-07-27 23:29:01 [13514] [INFO] Starting gunicorn 0.12.2
2011-07-27 23:29:01 [13514] [INFO] Listening at: http://127.0.0.1:8000 (13514)
2011-07-27 23:29:01 [13514] [INFO] Using worker: sync
2011-07-27 23:29:01 [13515] [INFO] Booting worker with pid: 13515
2011-07-27 23:29:46 [13514] [CRITICAL] WORKER TIMEOUT (pid:13515)
2011-07-27 23:29:46 [13524] [INFO] Booting worker with pid: 13524
2011-07-27 23:30:16 [13514] [CRITICAL] WORKER TIMEOUT (pid:13524)
2011-07-27 23:30:16 [13528] [INFO] Booting worker with pid: 13528
2011-07-27 23:32:23 [13514] [INFO] Handling signal: term
2011-07-27 23:32:23 [13528] [INFO] Worker exiting (pid: 13528)
2011-07-27 23:32:23 [13514] [INFO] Shutting down: Master
2011-07-27 23:32:26 [13545] [INFO] Starting gunicorn 0.12.2
2011-07-27 23:32:26 [13545] [INFO] Listening at: http://127.0.0.1:8000 (13545)
2011-07-27 23:32:26 [13545] [INFO] Using worker: sync
2011-07-27 23:32:26 [13546] [INFO] Booting worker with pid: 13546
2011-07-27 23:32:54 [13545] [INFO] Handling signal: term
2011-07-27 23:32:54 [13546] [INFO] Worker exiting (pid: 13546)
2011-07-27 23:32:54 [13545] [INFO] Shutting down: Master
2011-07-27 23:33:09 [13554] [INFO] Starting gunicorn 0.12.2
2011-07-27 23:33:10 [13554] [INFO] Listening at: http://127.0.0.1:8000 (13554)
2011-07-27 23:33:10 [13554] [INFO] Using worker: sync
2011-07-27 23:33:10 [13555] [INFO] Booting worker with pid: 13555
2011-07-27 23:33:51 [13554] [CRITICAL] WORKER TIMEOUT (pid:13555)
2011-07-27 23:33:51 [13559] [INFO] Booting worker with pid: 13559
2011-07-27 23:34:31 [13554] [INFO] Handling signal: term
2011-07-27 23:34:31 [13559] [INFO] Worker exiting (pid: 13559)
2011-07-27 23:34:32 [13554] [INFO] Shutting down: Master
2011-07-27 23:34:34 [13567] [INFO] Starting gunicorn 0.12.2
2011-07-27 23:34:34 [13567] [INFO] Listening at: http://127.0.0.1:8000 (13567)
2011-07-27 23:34:34 [13567] [INFO] Using worker: sync
2011-07-27 23:34:34 [13568] [INFO] Booting worker with pid: 13568
2011-07-27 23:35:01 [13567] [INFO] Handling signal: term
2011-07-27 23:35:01 [13568] [INFO] Worker exiting (pid: 13568)
2011-07-27 23:35:01 [13567] [INFO] Shutting down: Master
